>>> Training on  1  nodes and  4  processes
- Process 1 corresponds to GPU 1 of node 0
- Process 0 corresponds to GPU 0 of node 0
- Process 2 corresponds to GPU 2 of node 0
- Process 3 corresponds to GPU 3 of node 0
Training Word2Vec
Training Word2Vec
Training Word2Vec
Training Word2Vec
150 auteurs et 80728 mots
150 auteurs et 80728 mots
150 auteurs et 80728 mots
150 auteurs et 80728 mots
Building model ... 

Building model ... 

Building model ... 

Building model ... 

Beginning training ... 

Beginning training ... 

1
1
Beginning training ... 

1
Beginning training ... 

1
